<?xml version="1.0" encoding="utf-8"?><testsuites name="pytest tests"><testsuite name="pytest" errors="0" failures="0" skipped="0" tests="11" time="1.184" timestamp="2026-04-22T10:53:26.165168+00:00" hostname="agent-env-46038e10-0aad-4925-bda5-ed9eada4c680"><testcase classname="backend.tests.test_taxi_api.TestTrips" name="test_list_all_trips_seeded" time="0.250" /><testcase classname="backend.tests.test_taxi_api.TestTrips" name="test_filter_uttarkashi_dehradun" time="0.042" /><testcase classname="backend.tests.test_taxi_api.TestTrips" name="test_filter_uttarkashi_rishikesh" time="0.046" /><testcase classname="backend.tests.test_taxi_api.TestTrips" name="test_get_trip_by_id" time="0.085" /><testcase classname="backend.tests.test_taxi_api.TestTrips" name="test_get_trip_not_found" time="0.042" /><testcase classname="backend.tests.test_taxi_api.TestBookings" name="test_create_booking_success" time="0.179" /><testcase classname="backend.tests.test_taxi_api.TestBookings" name="test_create_booking_rejects_taken_seat" time="0.085" /><testcase classname="backend.tests.test_taxi_api.TestBookings" name="test_list_bookings_by_phone" time="0.043" /><testcase classname="backend.tests.test_taxi_api.TestBookings" name="test_get_booking_by_id" time="0.045" /><testcase classname="backend.tests.test_taxi_api.TestBookings" name="test_confirm_booking" time="0.121" /><testcase classname="backend.tests.test_taxi_api.TestDriver" name="test_driver_all" time="0.045" /></testsuite></testsuites>