<?xml version="1.0" encoding="utf-8"?><testsuites name="pytest tests"><testsuite name="pytest" errors="0" failures="0" skipped="0" tests="21" time="2.190" timestamp="2026-04-22T14:16:14.695120+00:00" hostname="agent-env-46038e10-0aad-4925-bda5-ed9eada4c680"><testcase classname="backend.tests.test_taxi_api.TestAuth" name="test_request_otp_ok" time="0.206" /><testcase classname="backend.tests.test_taxi_api.TestAuth" name="test_verify_otp_existing_user" time="0.052" /><testcase classname="backend.tests.test_taxi_api.TestAuth" name="test_verify_otp_new_phone_returns_null_user" time="0.059" /><testcase classname="backend.tests.test_taxi_api.TestAuth" name="test_verify_otp_rejects_short_code" time="0.061" /><testcase classname="backend.tests.test_taxi_api.TestAuth" name="test_verify_otp_rejects_non_digit" time="0.051" /><testcase classname="backend.tests.test_taxi_api.TestAuth" name="test_register_new_user_and_idempotent" time="0.154" /><testcase classname="backend.tests.test_taxi_api.TestAuth" name="test_register_driver_with_vehicle" time="0.053" /><testcase classname="backend.tests.test_taxi_api.TestAuth" name="test_me_404" time="0.051" /><testcase classname="backend.tests.test_taxi_api.TestRides" name="test_publish_ride_driver_required" time="0.054" /><testcase classname="backend.tests.test_taxi_api.TestRides" name="test_publish_ride_success" time="0.109" /><testcase classname="backend.tests.test_taxi_api.TestRides" name="test_list_rides_filter_route_and_date" time="0.051" /><testcase classname="backend.tests.test_taxi_api.TestRides" name="test_list_rides_driver_phone_returns_all_statuses" time="0.057" /><testcase classname="backend.tests.test_taxi_api.TestRequests" name="test_setup_ride" time="0.058" /><testcase classname="backend.tests.test_taxi_api.TestRequests" name="test_create_request_pending" time="0.085" /><testcase classname="backend.tests.test_taxi_api.TestRequests" name="test_create_request_rejects_pending_seat" time="0.060" /><testcase classname="backend.tests.test_taxi_api.TestRequests" name="test_confirm_request_adds_booked_seats" time="0.104" /><testcase classname="backend.tests.test_taxi_api.TestRequests" name="test_create_request_rejects_already_booked" time="0.074" /><testcase classname="backend.tests.test_taxi_api.TestRequests" name="test_cancel_confirmed_request_frees_seats" time="0.138" /><testcase classname="backend.tests.test_taxi_api.TestRequests" name="test_reject_pending_flow" time="0.166" /><testcase classname="backend.tests.test_taxi_api.TestRequests" name="test_list_requests_by_user_and_driver" time="0.104" /><testcase classname="backend.tests.test_taxi_api.TestCancelRide" name="test_cancel_ride_cancels_requests" time="0.294" /></testsuite></testsuites>